c:\users\upal\desktop\projects_v10.1.14\done\localisation_in_wsn\32bit\code\mobility\debug\vc140.pdb
c:\users\upal\desktop\projects_v10.1.14\done\localisation_in_wsn\32bit\code\mobility\debug\vc140.idb
c:\users\upal\desktop\projects_v10.1.14\done\localisation_in_wsn\32bit\code\mobility\debug\filebasedmobility.obj
c:\users\upal\desktop\projects_v10.1.14\done\localisation_in_wsn\32bit\code\mobility\debug\groupmobility.obj
c:\users\upal\desktop\projects_v10.1.14\done\localisation_in_wsn\32bit\code\mobility\debug\mobility.obj
c:\users\upal\desktop\projects_v10.1.14\done\localisation_in_wsn\32bit\code\mobility\debug\nodejoin.obj
c:\users\upal\desktop\projects_v10.1.14\done\localisation_in_wsn\32bit\code\mobility\debug\sumo_interface.obj
c:\users\upal\desktop\projects_v10.1.14\done\localisation_in_wsn\32bit\code\dll\libmobility.dll
c:\users\upal\desktop\projects_v10.1.14\done\localisation_in_wsn\32bit\code\dll\mobility.pdb
c:\users\upal\desktop\projects_v10.1.14\done\localisation_in_wsn\32bit\code\dll\mobility.lib
c:\users\upal\desktop\projects_v10.1.14\done\localisation_in_wsn\32bit\code\dll\mobility.exp
c:\users\upal\desktop\v10.1.17\localization\32bit\code\mobility\debug\filebasedmobility.obj
c:\users\upal\desktop\v10.1.17\localization\32bit\code\mobility\debug\groupmobility.obj
c:\users\upal\desktop\v10.1.17\localization\32bit\code\mobility\debug\mobility.obj
c:\users\upal\desktop\v10.1.17\localization\32bit\code\mobility\debug\nodejoin.obj
c:\users\upal\desktop\v10.1.17\localization\32bit\code\mobility\debug\sumo_interface.obj
c:\users\upal\desktop\v10.1.17\localization\32bit\code\mobility\debug\vc140.idb
c:\users\upal\desktop\v10.1.17\localization\32bit\code\mobility\debug\vc140.pdb
c:\users\upal\desktop\v10.1.17\localization\32bit\code\mobility\debug\mobility.tlog\cl.command.1.tlog
c:\users\upal\desktop\v10.1.17\localization\32bit\code\mobility\debug\mobility.tlog\cl.read.1.tlog
c:\users\upal\desktop\v10.1.17\localization\32bit\code\mobility\debug\mobility.tlog\cl.write.1.tlog
c:\users\upal\desktop\v10.1.17\localization\32bit\code\mobility\debug\mobility.tlog\link.command.1.tlog
c:\users\upal\desktop\v10.1.17\localization\32bit\code\mobility\debug\mobility.tlog\link.read.1.tlog
c:\users\upal\desktop\v10.1.17\localization\32bit\code\mobility\debug\mobility.tlog\link.write.1.tlog
c:\users\upal\desktop\v10.1.17\localization\32bit\code\mobility\debug\mobility.tlog\mobility.write.1u.tlog
