c:\users\upal\desktop\projects_v10.1.14\done\localisation_in_wsn\64bit\code\zigbee\debug\vc140.pdb
c:\users\upal\desktop\projects_v10.1.14\done\localisation_in_wsn\64bit\code\zigbee\debug\vc140.idb
c:\users\upal\desktop\projects_v10.1.14\done\localisation_in_wsn\64bit\code\zigbee\debug\802_15_4.obj
c:\users\upal\desktop\projects_v10.1.14\done\localisation_in_wsn\64bit\code\zigbee\debug\agentmodel.obj
c:\users\upal\desktop\projects_v10.1.14\done\localisation_in_wsn\64bit\code\zigbee\debug\backoffcalculation.obj
c:\users\upal\desktop\projects_v10.1.14\done\localisation_in_wsn\64bit\code\zigbee\debug\bercalculation.obj
c:\users\upal\desktop\projects_v10.1.14\done\localisation_in_wsn\64bit\code\zigbee\debug\cca.obj
c:\users\upal\desktop\projects_v10.1.14\done\localisation_in_wsn\64bit\code\zigbee\debug\changeradiostate.obj
c:\users\upal\desktop\projects_v10.1.14\done\localisation_in_wsn\64bit\code\zigbee\debug\errorpathloss.obj
c:\users\upal\desktop\projects_v10.1.14\done\localisation_in_wsn\64bit\code\zigbee\debug\localisation.obj
c:\users\upal\desktop\projects_v10.1.14\done\localisation_in_wsn\64bit\code\zigbee\debug\locatebackoffboundary.obj
c:\users\upal\desktop\projects_v10.1.14\done\localisation_in_wsn\64bit\code\zigbee\debug\sensor.obj
c:\users\upal\desktop\projects_v10.1.14\done\localisation_in_wsn\64bit\code\zigbee\debug\sinrcalculation.obj
c:\users\upal\desktop\projects_v10.1.14\done\localisation_in_wsn\64bit\code\zigbee\debug\slottedcsmaca.obj
c:\users\upal\desktop\projects_v10.1.14\done\localisation_in_wsn\64bit\code\zigbee\debug\superframe.obj
c:\users\upal\desktop\projects_v10.1.14\done\localisation_in_wsn\64bit\code\zigbee\debug\unslottedcsmaca.obj
c:\users\upal\desktop\projects_v10.1.14\done\localisation_in_wsn\64bit\code\zigbee\debug\zigbee.tlog\cl.command.1.tlog
c:\users\upal\desktop\projects_v10.1.14\done\localisation_in_wsn\64bit\code\zigbee\debug\zigbee.tlog\cl.read.1.tlog
c:\users\upal\desktop\projects_v10.1.14\done\localisation_in_wsn\64bit\code\zigbee\debug\zigbee.tlog\cl.write.1.tlog
c:\users\upal\desktop\projects_v10.1.14\done\localisation_in_wsn\64bit\code\zigbee\debug\zigbee.tlog\link-cvtres.read.1.tlog
c:\users\upal\desktop\projects_v10.1.14\done\localisation_in_wsn\64bit\code\zigbee\debug\zigbee.tlog\link-cvtres.write.1.tlog
c:\users\upal\desktop\projects_v10.1.14\done\localisation_in_wsn\64bit\code\zigbee\debug\zigbee.tlog\link-rc.read.1.tlog
c:\users\upal\desktop\projects_v10.1.14\done\localisation_in_wsn\64bit\code\zigbee\debug\zigbee.tlog\link-rc.write.1.tlog
c:\users\upal\desktop\projects_v10.1.14\done\localisation_in_wsn\64bit\code\zigbee\debug\zigbee.tlog\link.command.1.tlog
c:\users\upal\desktop\projects_v10.1.14\done\localisation_in_wsn\64bit\code\zigbee\debug\zigbee.tlog\link.read.1.tlog
c:\users\upal\desktop\projects_v10.1.14\done\localisation_in_wsn\64bit\code\zigbee\debug\zigbee.tlog\link.write.1.tlog
