c:\users\upal\desktop\projects_v10.1.14\done\localisation_in_wsn\64bit\code\zigbee\x64\debug\vc140.pdb
c:\users\upal\desktop\projects_v10.1.14\done\localisation_in_wsn\64bit\code\zigbee\x64\debug\vc140.idb
c:\users\upal\desktop\projects_v10.1.14\done\localisation_in_wsn\64bit\code\zigbee\x64\debug\802_15_4.obj
c:\users\upal\desktop\projects_v10.1.14\done\localisation_in_wsn\64bit\code\zigbee\x64\debug\agentmodel.obj
c:\users\upal\desktop\projects_v10.1.14\done\localisation_in_wsn\64bit\code\zigbee\x64\debug\backoffcalculation.obj
c:\users\upal\desktop\projects_v10.1.14\done\localisation_in_wsn\64bit\code\zigbee\x64\debug\bercalculation.obj
c:\users\upal\desktop\projects_v10.1.14\done\localisation_in_wsn\64bit\code\zigbee\x64\debug\cca.obj
c:\users\upal\desktop\projects_v10.1.14\done\localisation_in_wsn\64bit\code\zigbee\x64\debug\changeradiostate.obj
c:\users\upal\desktop\projects_v10.1.14\done\localisation_in_wsn\64bit\code\zigbee\x64\debug\errorpathloss.obj
c:\users\upal\desktop\projects_v10.1.14\done\localisation_in_wsn\64bit\code\zigbee\x64\debug\localisation.obj
c:\users\upal\desktop\projects_v10.1.14\done\localisation_in_wsn\64bit\code\zigbee\x64\debug\locatebackoffboundary.obj
c:\users\upal\desktop\projects_v10.1.14\done\localisation_in_wsn\64bit\code\zigbee\x64\debug\sensor.obj
c:\users\upal\desktop\projects_v10.1.14\done\localisation_in_wsn\64bit\code\zigbee\x64\debug\sinrcalculation.obj
c:\users\upal\desktop\projects_v10.1.14\done\localisation_in_wsn\64bit\code\zigbee\x64\debug\slottedcsmaca.obj
c:\users\upal\desktop\projects_v10.1.14\done\localisation_in_wsn\64bit\code\zigbee\x64\debug\superframe.obj
c:\users\upal\desktop\projects_v10.1.14\done\localisation_in_wsn\64bit\code\zigbee\x64\debug\unslottedcsmaca.obj
c:\users\upal\desktop\projects_v10.1.14\done\localisation_in_wsn\64bit\code\dll\libzigbee.dll
c:\users\upal\desktop\projects_v10.1.14\done\localisation_in_wsn\64bit\code\dll\zigbee.pdb
c:\users\upal\desktop\projects_v10.1.14\done\localisation_in_wsn\64bit\code\dll\zigbee.lib
c:\users\upal\desktop\projects_v10.1.14\done\localisation_in_wsn\64bit\code\dll\zigbee.exp
c:\users\upal\desktop\v10.1.17\localization\64bit\code\zigbee\x64\debug\802_15_4.obj
c:\users\upal\desktop\v10.1.17\localization\64bit\code\zigbee\x64\debug\agentmodel.obj
c:\users\upal\desktop\v10.1.17\localization\64bit\code\zigbee\x64\debug\backoffcalculation.obj
c:\users\upal\desktop\v10.1.17\localization\64bit\code\zigbee\x64\debug\bercalculation.obj
c:\users\upal\desktop\v10.1.17\localization\64bit\code\zigbee\x64\debug\cca.obj
c:\users\upal\desktop\v10.1.17\localization\64bit\code\zigbee\x64\debug\changeradiostate.obj
c:\users\upal\desktop\v10.1.17\localization\64bit\code\zigbee\x64\debug\errorpathloss.obj
c:\users\upal\desktop\v10.1.17\localization\64bit\code\zigbee\x64\debug\localisation.obj
c:\users\upal\desktop\v10.1.17\localization\64bit\code\zigbee\x64\debug\locatebackoffboundary.obj
c:\users\upal\desktop\v10.1.17\localization\64bit\code\zigbee\x64\debug\sensor.obj
c:\users\upal\desktop\v10.1.17\localization\64bit\code\zigbee\x64\debug\sinrcalculation.obj
c:\users\upal\desktop\v10.1.17\localization\64bit\code\zigbee\x64\debug\slottedcsmaca.obj
c:\users\upal\desktop\v10.1.17\localization\64bit\code\zigbee\x64\debug\superframe.obj
c:\users\upal\desktop\v10.1.17\localization\64bit\code\zigbee\x64\debug\unslottedcsmaca.obj
c:\users\upal\desktop\v10.1.17\localization\64bit\code\zigbee\x64\debug\vc140.idb
c:\users\upal\desktop\v10.1.17\localization\64bit\code\zigbee\x64\debug\vc140.pdb
c:\users\upal\desktop\v10.1.17\localization\64bit\code\zigbee\x64\debug\zigbee.tlog\cl.command.1.tlog
c:\users\upal\desktop\v10.1.17\localization\64bit\code\zigbee\x64\debug\zigbee.tlog\cl.read.1.tlog
c:\users\upal\desktop\v10.1.17\localization\64bit\code\zigbee\x64\debug\zigbee.tlog\cl.write.1.tlog
c:\users\upal\desktop\v10.1.17\localization\64bit\code\zigbee\x64\debug\zigbee.tlog\link.command.1.tlog
c:\users\upal\desktop\v10.1.17\localization\64bit\code\zigbee\x64\debug\zigbee.tlog\link.read.1.tlog
c:\users\upal\desktop\v10.1.17\localization\64bit\code\zigbee\x64\debug\zigbee.tlog\link.write.1.tlog
c:\users\upal\desktop\v10.1.17\localization\64bit\code\zigbee\x64\debug\zigbee.tlog\zigbee.write.1u.tlog
